<?xml version="1.0" encoding="UTF-8"?>
<!-- Generated by org.testng.reporters.JUnitXMLReporter -->
<testsuite hostname="window10" name="Default test" tests="3" failures="0" timestamp="16 May 2021 18:26:24 GMT" time="4.466" errors="0">
  <testcase name="testPost" time="3.215" classname="test.PutPatchDeleteExample"/>
  <testcase name="testPatch" time="0.627" classname="test.PutPatchDeleteExample"/>
  <testcase name="testDelete" time="0.601" classname="test.PutPatchDeleteExample"/>
</testsuite> <!-- Default test -->
