<?xml version="1.0" encoding="UTF-8"?>
<testng-results skipped="0" failed="0" total="3" passed="3">
  <reporter-output>
  </reporter-output>
  <suite name="Default suite" duration-ms="4466" started-at="2021-05-16T18:26:19Z" finished-at="2021-05-16T18:26:24Z">
    <groups>
    </groups>
    <test name="Default test" duration-ms="4466" started-at="2021-05-16T18:26:19Z" finished-at="2021-05-16T18:26:24Z">
      <class name="test.PutPatchDeleteExample">
        <test-method status="PASS" signature="testPost()[pri:1, instance:test.PutPatchDeleteExample@4563e9ab]" name="testPost" duration-ms="3215" started-at="2021-05-16T23:56:19Z" finished-at="2021-05-16T23:56:23Z">
          <reporter-output>
          </reporter-output>
        </test-method> <!-- testPost -->
        <test-method status="PASS" signature="testPatch()[pri:2, instance:test.PutPatchDeleteExample@4563e9ab]" name="testPatch" duration-ms="627" started-at="2021-05-16T23:56:23Z" finished-at="2021-05-16T23:56:23Z">
          <reporter-output>
          </reporter-output>
        </test-method> <!-- testPatch -->
        <test-method status="PASS" signature="testDelete()[pri:3, instance:test.PutPatchDeleteExample@4563e9ab]" name="testDelete" duration-ms="601" started-at="2021-05-16T23:56:23Z" finished-at="2021-05-16T23:56:24Z">
          <reporter-output>
          </reporter-output>
        </test-method> <!-- testDelete -->
      </class> <!-- test.PutPatchDeleteExample -->
    </test> <!-- Default test -->
  </suite> <!-- Default suite -->
</testng-results>
